2018-09-27 09:57:48.245 [main] INFO  com.weein.minip.test.dao.BaseTest at ? - Starting BaseTest on 6xie6 with PID 21780 (started by Administrator in D:\bigdata-gateway\bigdata-task)
2018-09-27 09:57:48.245 [main] INFO  com.weein.minip.test.dao.BaseTest at ? - No active profile set, falling back to default profiles: default
2018-09-27 09:57:48.287 [main] INFO  o.s.b.c.e.AnnotationConfigEmbeddedWebApplicationContext at ? - Refreshing org.springframework.boot.context.embedded.AnnotationConfigEmbeddedWebApplicationContext@50029372: startup date [Thu Sep 27 09:57:48 CST 2018]; root of context hierarchy
2018-09-27 09:57:48.437 [background-preinit] INFO  org.hibernate.validator.internal.util.Version at ? - HV000001: Hibernate Validator 5.2.4.Final
2018-09-27 09:57:50.902 [main] INFO  o.s.beans.factory.xml.XmlBeanDefinitionReader at ? - Loading XML bean definitions from class path resource [META-INF/cxf/cxf.xml]
2018-09-27 09:57:51.020 [main] INFO  o.s.b.factory.support.DefaultListableBeanFactory at ? - Overriding bean definition for bean 'dataSource' with a different definition: replacing [Root bean: class [null]; scope=; abstract=false; lazyInit=false; autowireMode=3; dependencyCheck=0; autowireCandidate=true; primary=false; factoryBeanName=org.springframework.boot.autoconfigure.jdbc.DataSourceConfiguration$Generic; factoryMethodName=dataSource; initMethodName=null; destroyMethodName=(inferred); defined in class path resource [org/springframework/boot/autoconfigure/jdbc/DataSourceConfiguration$Generic.class]] with [Root bean: class [null]; scope=; abstract=false; lazyInit=false; autowireMode=3; dependencyCheck=0; autowireCandidate=true; primary=false; factoryBeanName=org.springframework.boot.autoconfigure.jdbc.DataSourceConfiguration$Dbcp; factoryMethodName=dataSource; initMethodName=null; destroyMethodName=(inferred); defined in class path resource [org/springframework/boot/autoconfigure/jdbc/DataSourceConfiguration$Dbcp.class]]
2018-09-27 09:57:51.174 [main] INFO  o.s.b.factory.support.DefaultListableBeanFactory at ? - Overriding bean definition for bean 'managementServletContext' with a different definition: replacing [Root bean: class [null]; scope=; abstract=false; lazyInit=false; autowireMode=3; dependencyCheck=0; autowireCandidate=true; primary=false; factoryBeanName=org.springframework.boot.actuate.autoconfigure.EndpointWebMvcHypermediaManagementContextConfiguration; factoryMethodName=managementServletContext; initMethodName=null; destroyMethodName=(inferred); defined in class path resource [org/springframework/boot/actuate/autoconfigure/EndpointWebMvcHypermediaManagementContextConfiguration.class]] with [Root bean: class [null]; scope=; abstract=false; lazyInit=false; autowireMode=3; dependencyCheck=0; autowireCandidate=true; primary=false; factoryBeanName=org.springframework.boot.actuate.autoconfigure.EndpointWebMvcAutoConfiguration; factoryMethodName=managementServletContext; initMethodName=null; destroyMethodName=(inferred); defined in class path resource [org/springframework/boot/actuate/autoconfigure/EndpointWebMvcAutoConfiguration.class]]
2018-09-27 09:57:51.251 [main] INFO  o.s.d.r.config.RepositoryConfigurationDelegate at ? - Multiple Spring Data modules found, entering strict repository configuration mode!
2018-09-27 09:57:51.941 [main] INFO  o.s.b.f.a.AutowiredAnnotationBeanPostProcessor at ? - JSR-330 'javax.inject.Inject' annotation found and supported for autowiring
2018-09-27 09:57:52.035 [main] INFO  o.s.c.s.PostProcessorRegistrationDelegate$BeanPostProcessorChecker at ? - Bean 'rootContextConfiguration' of type [class com.weein.bigdata.configuration.RootContextConfiguration$$EnhancerBySpringCGLIB$$f9e9fcf1] is not eligible for getting processed by all BeanPostProcessors (for example: not eligible for auto-proxying)
2018-09-27 09:57:52.061 [main] INFO  o.s.scheduling.concurrent.ThreadPoolTaskScheduler at ? - Initializing ExecutorService  'taskScheduler'
2018-09-27 09:57:52.061 [main] INFO  o.s.c.s.PostProcessorRegistrationDelegate$BeanPostProcessorChecker at ? - Bean 'taskScheduler' of type [class org.springframework.scheduling.concurrent.ThreadPoolTaskScheduler] is not eligible for getting processed by all BeanPostProcessors (for example: not eligible for auto-proxying)
2018-09-27 09:57:52.365 [main] INFO  o.s.c.s.PostProcessorRegistrationDelegate$BeanPostProcessorChecker at ? - Bean 'org.springframework.transaction.annotation.ProxyTransactionManagementConfiguration' of type [class org.springframework.transaction.annotation.ProxyTransactionManagementConfiguration$$EnhancerBySpringCGLIB$$d67879e8] is not eligible for getting processed by all BeanPostProcessors (for example: not eligible for auto-proxying)
2018-09-27 09:57:54.248 [main] INFO  o.s.b.c.e.tomcat.TomcatEmbeddedServletContainer at ? - Tomcat initialized with port(s): 0 (http)
2018-09-27 09:57:54.265 [main] INFO  org.apache.catalina.core.StandardService at ? - Starting service Tomcat
2018-09-27 09:57:54.267 [main] INFO  org.apache.catalina.core.StandardEngine at ? - Starting Servlet Engine: Apache Tomcat/8.5.5
2018-09-27 09:57:54.470 [localhost-startStop-1] INFO  o.a.c.core.ContainerBase.[Tomcat].[localhost].[/] at ? - Initializing Spring embedded WebApplicationContext
2018-09-27 09:57:54.470 [localhost-startStop-1] INFO  org.springframework.web.context.ContextLoader at ? - Root WebApplicationContext: initialization completed in 6183 ms
2018-09-27 09:57:55.226 [localhost-startStop-1] INFO  o.s.boot.web.servlet.ServletRegistrationBean at ? - Mapping servlet: 'dispatcherServlet' to []
2018-09-27 09:57:55.229 [localhost-startStop-1] INFO  o.s.boot.web.servlet.ServletRegistrationBean at ? - Mapping servlet: 'dispatcherServlet' to [/]
2018-09-27 09:57:55.229 [localhost-startStop-1] INFO  o.s.boot.web.servlet.ServletRegistrationBean at ? - Servlet dispatcherServlet was not registered (possibly already registered?)
2018-09-27 09:57:55.229 [localhost-startStop-1] INFO  o.s.boot.web.servlet.ServletRegistrationBean at ? - Mapping servlet: 'CXFServlet' to [/services/*]
2018-09-27 09:57:55.235 [localhost-startStop-1] INFO  o.s.boot.web.servlet.FilterRegistrationBean at ? - Mapping filter: 'metricsFilter' to: [/*]
2018-09-27 09:57:55.235 [localhost-startStop-1] INFO  o.s.boot.web.servlet.FilterRegistrationBean at ? - Mapping filter: 'characterEncodingFilter' to: [/*]
2018-09-27 09:57:55.235 [localhost-startStop-1] INFO  o.s.boot.web.servlet.FilterRegistrationBean at ? - Mapping filter: 'hiddenHttpMethodFilter' to: [/*]
2018-09-27 09:57:55.235 [localhost-startStop-1] INFO  o.s.boot.web.servlet.FilterRegistrationBean at ? - Mapping filter: 'httpPutFormContentFilter' to: [/*]
2018-09-27 09:57:55.235 [localhost-startStop-1] INFO  o.s.boot.web.servlet.FilterRegistrationBean at ? - Mapping filter: 'requestContextFilter' to: [/*]
2018-09-27 09:57:55.236 [localhost-startStop-1] INFO  o.s.boot.web.servlet.FilterRegistrationBean at ? - Mapping filter: 'webRequestLoggingFilter' to: [/*]
2018-09-27 09:57:55.236 [localhost-startStop-1] INFO  o.s.boot.web.servlet.FilterRegistrationBean at ? - Mapping filter: 'applicationContextIdFilter' to: [/*]
2018-09-27 09:57:58.426 [main] INFO  c.w.w.configuration.task.MyThreadPoolTaskExecutor at ? - Initializing ExecutorService  'initMpThreadPoolTaskExecutor'
2018-09-27 09:57:58.691 [main] INFO  com.weein.wcommon.utils.IdWorker at ? - worker starting. timestamp left shift 22, datacenter id bits 5, worker id bits 5, sequence bits 12, workerid 10
2018-09-27 09:57:59.823 [main] INFO  o.s.w.s.m.m.a.RequestMappingHandlerAdapter at ? - Looking for @ControllerAdvice: org.springframework.boot.context.embedded.AnnotationConfigEmbeddedWebApplicationContext@50029372: startup date [Thu Sep 27 09:57:48 CST 2018]; root of context hierarchy
2018-09-27 09:57:59.831 [main] INFO  o.s.w.s.m.m.a.RequestMappingHandlerAdapter at ? - Detected ResponseBodyAdvice bean in org.springframework.boot.actuate.autoconfigure.EndpointWebMvcHypermediaManagementContextConfiguration$ActuatorEndpointLinksAdvice
2018-09-27 09:57:59.997 [main] INFO  o.s.w.s.m.m.a.RequestMappingHandlerMapping at ? - Mapped "{[/v1/api/sendRecord.do],methods=[POST]}" onto public com.weein.bigdata.base.vo.result.Result<java.lang.String> com.weein.bigdata.controller.ApiController.getBalances(javax.servlet.http.HttpServletRequest,javax.servlet.http.HttpServletResponse,java.lang.String,java.lang.String)
2018-09-27 09:58:00.000 [main] INFO  o.s.w.s.m.m.a.RequestMappingHandlerMapping at ? - Mapped "{[/error]}" onto public org.springframework.http.ResponseEntity<java.util.Map<java.lang.String, java.lang.Object>> org.springframework.boot.autoconfigure.web.BasicErrorController.error(javax.servlet.http.HttpServletRequest)
2018-09-27 09:58:00.001 [main] INFO  o.s.w.s.m.m.a.RequestMappingHandlerMapping at ? - Mapped "{[/error],produces=[text/html]}" onto public org.springframework.web.servlet.ModelAndView org.springframework.boot.autoconfigure.web.BasicErrorController.errorHtml(javax.servlet.http.HttpServletRequest,javax.servlet.http.HttpServletResponse)
2018-09-27 09:58:00.192 [main] INFO  o.s.web.servlet.handler.SimpleUrlHandlerMapping at ? - Mapped URL path [/webjars/**] onto handler of type [class org.springframework.web.servlet.resource.ResourceHttpRequestHandler]
2018-09-27 09:58:00.192 [main] INFO  o.s.web.servlet.handler.SimpleUrlHandlerMapping at ? - Mapped URL path [/**] onto handler of type [class org.springframework.web.servlet.resource.ResourceHttpRequestHandler]
2018-09-27 09:58:00.232 [main] INFO  o.s.w.s.m.m.a.ExceptionHandlerExceptionResolver at ? - Detected @ExceptionHandler methods in exceptionHandlerAdvice
2018-09-27 09:58:00.232 [main] INFO  o.s.w.s.m.m.a.ExceptionHandlerExceptionResolver at ? - Detected ResponseBodyAdvice implementation in org.springframework.boot.actuate.autoconfigure.EndpointWebMvcHypermediaManagementContextConfiguration$ActuatorEndpointLinksAdvice
2018-09-27 09:58:00.314 [main] INFO  o.s.web.servlet.handler.SimpleUrlHandlerMapping at ? - Mapped URL path [/**/favicon.ico] onto handler of type [class org.springframework.web.servlet.resource.ResourceHttpRequestHandler]
2018-09-27 09:58:02.066 [main] INFO  o.s.b.actuate.endpoint.mvc.EndpointHandlerMapping at ? - Mapped "{[/metrics/{name:.*}],methods=[GET],produces=[application/json]}" onto public java.lang.Object org.springframework.boot.actuate.endpoint.mvc.MetricsMvcEndpoint.value(java.lang.String)
2018-09-27 09:58:02.066 [main] INFO  o.s.b.actuate.endpoint.mvc.EndpointHandlerMapping at ? - Mapped "{[/metrics || /metrics.json],methods=[GET],produces=[application/json]}" onto public java.lang.Object org.springframework.boot.actuate.endpoint.mvc.EndpointMvcAdapter.invoke()
2018-09-27 09:58:02.066 [main] INFO  o.s.b.actuate.endpoint.mvc.EndpointHandlerMapping at ? - Mapped "{[/heapdump || /heapdump.json],methods=[GET],produces=[application/octet-stream]}" onto public void org.springframework.boot.actuate.endpoint.mvc.HeapdumpMvcEndpoint.invoke(boolean,javax.servlet.http.HttpServletRequest,javax.servlet.http.HttpServletResponse) throws java.io.IOException,javax.servlet.ServletException
2018-09-27 09:58:02.067 [main] INFO  o.s.b.actuate.endpoint.mvc.EndpointHandlerMapping at ? - Mapped "{[/dump || /dump.json],methods=[GET],produces=[application/json]}" onto public java.lang.Object org.springframework.boot.actuate.endpoint.mvc.EndpointMvcAdapter.invoke()
2018-09-27 09:58:02.067 [main] INFO  o.s.b.actuate.endpoint.mvc.EndpointHandlerMapping at ? - Mapped "{[/info || /info.json],methods=[GET],produces=[application/json]}" onto public java.lang.Object org.springframework.boot.actuate.endpoint.mvc.EndpointMvcAdapter.invoke()
2018-09-27 09:58:02.068 [main] INFO  o.s.b.actuate.endpoint.mvc.EndpointHandlerMapping at ? - Mapped "{[/health || /health.json],produces=[application/json]}" onto public java.lang.Object org.springframework.boot.actuate.endpoint.mvc.HealthMvcEndpoint.invoke(java.security.Principal)
2018-09-27 09:58:02.068 [main] INFO  o.s.b.actuate.endpoint.mvc.EndpointHandlerMapping at ? - Mapped "{[/actuator || /actuator.json],produces=[application/json]}" onto public org.springframework.hateoas.ResourceSupport org.springframework.boot.actuate.endpoint.mvc.HalJsonMvcEndpoint.links()
2018-09-27 09:58:02.069 [main] INFO  o.s.b.actuate.endpoint.mvc.EndpointHandlerMapping at ? - Mapped "{[/beans || /beans.json],methods=[GET],produces=[application/json]}" onto public java.lang.Object org.springframework.boot.actuate.endpoint.mvc.EndpointMvcAdapter.invoke()
2018-09-27 09:58:02.545 [main] INFO  o.s.ui.freemarker.SpringTemplateLoader at ? - SpringTemplateLoader for FreeMarker: using resource loader [org.springframework.boot.context.embedded.AnnotationConfigEmbeddedWebApplicationContext@50029372: startup date [Thu Sep 27 09:57:48 CST 2018]; root of context hierarchy] and template loader path [classpath:/templates/]
2018-09-27 09:58:02.546 [main] INFO  o.s.w.servlet.view.freemarker.FreeMarkerConfigurer at ? - ClassTemplateLoader for Spring macros added to FreeMarker configuration
2018-09-27 09:58:02.872 [main] WARN  o.s.b.a.freemarker.FreeMarkerAutoConfiguration at ? - Cannot find template location(s): [classpath:/templates/] (please add some templates, check your FreeMarker configuration, or set spring.freemarker.checkTemplateLocation=false)
2018-09-27 09:58:03.175 [main] INFO  o.s.web.servlet.view.velocity.VelocityConfigurer at ? - ClasspathResourceLoader with name 'springMacro' added to configured VelocityEngine
2018-09-27 09:58:03.186 [main] INFO  o.springframework.ui.velocity.SpringResourceLoader at ? - SpringResourceLoader for Velocity: using resource loader [org.springframework.boot.context.embedded.AnnotationConfigEmbeddedWebApplicationContext@50029372: startup date [Thu Sep 27 09:57:48 CST 2018]; root of context hierarchy] and resource loader paths [classpath:/templates/]
2018-09-27 09:58:03.313 [main] WARN  o.s.b.a.velocity.VelocityAutoConfiguration at ? - Cannot find template location: classpath:/templates/ (please add some templates, check your Velocity configuration, or set spring.velocity.checkTemplateLocation=false)
2018-09-27 09:58:03.334 [main] WARN  o.s.b.s.r.RedisStarterDeprecationWarningAutoConfiguration at ? - spring-boot-starter-redis is deprecated as of Spring Boot 1.4, please migrate to spring-boot-starter-data-redis
2018-09-27 09:58:03.462 [main] INFO  o.s.context.support.DefaultLifecycleProcessor at ? - Starting beans in phase 2147483647
2018-09-27 09:58:03.799 [main] INFO  org.apache.coyote.http11.Http11NioProtocol at ? - Initializing ProtocolHandler ["http-nio-auto-1"]
2018-09-27 09:58:03.818 [main] INFO  org.apache.coyote.http11.Http11NioProtocol at ? - Starting ProtocolHandler [http-nio-auto-1]
2018-09-27 09:58:03.832 [main] INFO  org.apache.tomcat.util.net.NioSelectorPool at ? - Using a shared selector for servlet write/read
2018-09-27 09:58:03.859 [main] INFO  o.s.b.c.e.tomcat.TomcatEmbeddedServletContainer at ? - Tomcat started on port(s): 2392 (http)
2018-09-27 09:58:03.865 [main] INFO  com.weein.minip.test.dao.BaseTest at ? - Started BaseTest in 16.381 seconds (JVM running for 17.665)
2018-09-27 09:58:04.511 [Thread-8] INFO  o.s.b.c.e.AnnotationConfigEmbeddedWebApplicationContext at ? - Closing org.springframework.boot.context.embedded.AnnotationConfigEmbeddedWebApplicationContext@50029372: startup date [Thu Sep 27 09:57:48 CST 2018]; root of context hierarchy
2018-09-27 09:58:04.515 [Thread-8] INFO  o.s.context.support.DefaultLifecycleProcessor at ? - Stopping beans in phase 2147483647
2018-09-27 09:58:05.248 [Thread-8] INFO  c.w.w.configuration.task.MyThreadPoolTaskExecutor at ? - Shutting down ExecutorService 'initMpThreadPoolTaskExecutor'
2018-09-27 09:58:05.284 [Thread-8] INFO  o.s.scheduling.concurrent.ThreadPoolTaskScheduler at ? - Shutting down ExecutorService 'taskScheduler'
2018-09-27 09:59:05.286 [Thread-8] WARN  o.s.scheduling.concurrent.ThreadPoolTaskScheduler at ? - Timed out while waiting for executor 'taskScheduler' to terminate
