2018-09-06 16:52:23.403 [main] INFO  com.weein.bigdata.Application at ? - Starting Application on 6xie6 with PID 20364 (D:\bigDataWork\bigdata-gateway\bigdata-web\target\classes started by Administrator in D:\bigDataWork\bigdata-gateway)
2018-09-06 16:52:23.405 [main] INFO  com.weein.bigdata.Application at ? - No active profile set, falling back to default profiles: default
2018-09-06 16:52:23.467 [main] INFO  o.s.b.c.e.AnnotationConfigEmbeddedWebApplicationContext at ? - Refreshing org.springframework.boot.context.embedded.AnnotationConfigEmbeddedWebApplicationContext@37ceb1df: startup date [Thu Sep 06 16:52:23 CST 2018]; root of context hierarchy
2018-09-06 16:52:23.579 [background-preinit] INFO  org.hibernate.validator.internal.util.Version at ? - HV000001: Hibernate Validator 5.2.4.Final
2018-09-06 16:52:25.363 [main] INFO  o.s.b.factory.support.DefaultListableBeanFactory at ? - Overriding bean definition for bean 'dataSource' with a different definition: replacing [Root bean: class [null]; scope=; abstract=false; lazyInit=false; autowireMode=3; dependencyCheck=0; autowireCandidate=true; primary=false; factoryBeanName=org.springframework.boot.autoconfigure.jdbc.DataSourceConfiguration$Generic; factoryMethodName=dataSource; initMethodName=null; destroyMethodName=(inferred); defined in class path resource [org/springframework/boot/autoconfigure/jdbc/DataSourceConfiguration$Generic.class]] with [Root bean: class [null]; scope=; abstract=false; lazyInit=false; autowireMode=3; dependencyCheck=0; autowireCandidate=true; primary=false; factoryBeanName=org.springframework.boot.autoconfigure.jdbc.DataSourceConfiguration$Dbcp; factoryMethodName=dataSource; initMethodName=null; destroyMethodName=(inferred); defined in class path resource [org/springframework/boot/autoconfigure/jdbc/DataSourceConfiguration$Dbcp.class]]
2018-09-06 16:52:25.519 [main] INFO  o.s.b.factory.support.DefaultListableBeanFactory at ? - Overriding bean definition for bean 'managementServletContext' with a different definition: replacing [Root bean: class [null]; scope=; abstract=false; lazyInit=false; autowireMode=3; dependencyCheck=0; autowireCandidate=true; primary=false; factoryBeanName=org.springframework.boot.actuate.autoconfigure.EndpointWebMvcHypermediaManagementContextConfiguration; factoryMethodName=managementServletContext; initMethodName=null; destroyMethodName=(inferred); defined in class path resource [org/springframework/boot/actuate/autoconfigure/EndpointWebMvcHypermediaManagementContextConfiguration.class]] with [Root bean: class [null]; scope=; abstract=false; lazyInit=false; autowireMode=3; dependencyCheck=0; autowireCandidate=true; primary=false; factoryBeanName=org.springframework.boot.actuate.autoconfigure.EndpointWebMvcAutoConfiguration; factoryMethodName=managementServletContext; initMethodName=null; destroyMethodName=(inferred); defined in class path resource [org/springframework/boot/actuate/autoconfigure/EndpointWebMvcAutoConfiguration.class]]
2018-09-06 16:52:25.607 [main] INFO  o.s.d.r.config.RepositoryConfigurationDelegate at ? - Multiple Spring Data modules found, entering strict repository configuration mode!
2018-09-06 16:52:26.034 [main] INFO  o.s.b.f.a.AutowiredAnnotationBeanPostProcessor at ? - JSR-330 'javax.inject.Inject' annotation found and supported for autowiring
2018-09-06 16:52:26.173 [main] INFO  o.s.c.s.PostProcessorRegistrationDelegate$BeanPostProcessorChecker at ? - Bean 'org.springframework.transaction.annotation.ProxyTransactionManagementConfiguration' of type [class org.springframework.transaction.annotation.ProxyTransactionManagementConfiguration$$EnhancerBySpringCGLIB$$b9502058] is not eligible for getting processed by all BeanPostProcessors (for example: not eligible for auto-proxying)
2018-09-06 16:52:26.778 [main] INFO  o.s.b.c.e.tomcat.TomcatEmbeddedServletContainer at ? - Tomcat initialized with port(s): 7011 (http)
2018-09-06 16:52:26.790 [main] INFO  org.apache.catalina.core.StandardService at ? - Starting service Tomcat
2018-09-06 16:52:26.791 [main] INFO  org.apache.catalina.core.StandardEngine at ? - Starting Servlet Engine: Apache Tomcat/8.5.5
2018-09-06 16:52:26.936 [localhost-startStop-1] INFO  o.a.c.core.ContainerBase.[Tomcat].[localhost].[/] at ? - Initializing Spring embedded WebApplicationContext
2018-09-06 16:52:26.936 [localhost-startStop-1] INFO  org.springframework.web.context.ContextLoader at ? - Root WebApplicationContext: initialization completed in 3469 ms
2018-09-06 16:52:27.925 [localhost-startStop-1] INFO  com.weein.wcommon.utils.IdWorker at ? - worker starting. timestamp left shift 22, datacenter id bits 5, worker id bits 5, sequence bits 12, workerid 1
2018-09-06 16:52:28.437 [localhost-startStop-1] INFO  o.s.boot.web.servlet.ServletRegistrationBean at ? - Mapping servlet: 'dispatcherServlet' to []
2018-09-06 16:52:28.438 [localhost-startStop-1] INFO  o.s.boot.web.servlet.ServletRegistrationBean at ? - Mapping servlet: 'dispatcherServlet' to [/]
2018-09-06 16:52:28.438 [localhost-startStop-1] INFO  o.s.boot.web.servlet.ServletRegistrationBean at ? - Servlet dispatcherServlet was not registered (possibly already registered?)
2018-09-06 16:52:28.443 [localhost-startStop-1] INFO  o.s.boot.web.servlet.FilterRegistrationBean at ? - Mapping filter: 'metricsFilter' to: [/*]
2018-09-06 16:52:28.443 [localhost-startStop-1] INFO  o.s.boot.web.servlet.FilterRegistrationBean at ? - Mapping filter: 'characterEncodingFilter' to: [/*]
2018-09-06 16:52:28.443 [localhost-startStop-1] INFO  o.s.boot.web.servlet.FilterRegistrationBean at ? - Mapping filter: 'hiddenHttpMethodFilter' to: [/*]
2018-09-06 16:52:28.443 [localhost-startStop-1] INFO  o.s.boot.web.servlet.FilterRegistrationBean at ? - Mapping filter: 'httpPutFormContentFilter' to: [/*]
2018-09-06 16:52:28.443 [localhost-startStop-1] INFO  o.s.boot.web.servlet.FilterRegistrationBean at ? - Mapping filter: 'requestContextFilter' to: [/*]
2018-09-06 16:52:28.443 [localhost-startStop-1] INFO  o.s.boot.web.servlet.FilterRegistrationBean at ? - Mapping filter: 'webRequestLoggingFilter' to: [/*]
2018-09-06 16:52:28.443 [localhost-startStop-1] INFO  o.s.boot.web.servlet.FilterRegistrationBean at ? - Mapping filter: 'corsFilter' to: [/*]
2018-09-06 16:52:28.443 [localhost-startStop-1] INFO  o.s.boot.web.servlet.FilterRegistrationBean at ? - Mapping filter: 'applicationContextIdFilter' to: [/*]
2018-09-06 16:52:28.713 [main] INFO  c.w.w.configuration.task.MyThreadPoolTaskExecutor at ? - Initializing ExecutorService  'initMpThreadPoolTaskExecutor'
2018-09-06 16:52:29.309 [main] INFO  o.s.w.s.m.m.a.RequestMappingHandlerAdapter at ? - Looking for @ControllerAdvice: org.springframework.boot.context.embedded.AnnotationConfigEmbeddedWebApplicationContext@37ceb1df: startup date [Thu Sep 06 16:52:23 CST 2018]; root of context hierarchy
2018-09-06 16:52:29.322 [main] INFO  o.s.w.s.m.m.a.RequestMappingHandlerAdapter at ? - Detected ResponseBodyAdvice bean in org.springframework.boot.actuate.autoconfigure.EndpointWebMvcHypermediaManagementContextConfiguration$ActuatorEndpointLinksAdvice
2018-09-06 16:52:29.379 [main] INFO  o.s.w.s.m.m.a.RequestMappingHandlerMapping at ? - Mapped "{[/wxxcl/api/getMpAccessToken.do],methods=[POST]}" onto public java.lang.String com.weein.bigdata.controller.ApiController.getMpAccessToken(java.lang.String,java.lang.String) throws java.lang.InterruptedException,java.util.concurrent.ExecutionException,java.sql.SQLException
2018-09-06 16:52:29.380 [main] INFO  o.s.w.s.m.m.a.RequestMappingHandlerMapping at ? - Mapped "{[/v1/gift/getGiftList.do],methods=[GET]}" onto public java.util.List<com.weein.bigdata.base.entity.CouponInfoDO> com.weein.bigdata.controller.GiftController.getGroupInformation(javax.servlet.http.HttpServletRequest,javax.servlet.http.HttpServletResponse)
2018-09-06 16:52:29.382 [main] INFO  o.s.w.s.m.m.a.RequestMappingHandlerMapping at ? - Mapped "{[/error]}" onto public org.springframework.http.ResponseEntity<java.util.Map<java.lang.String, java.lang.Object>> org.springframework.boot.autoconfigure.web.BasicErrorController.error(javax.servlet.http.HttpServletRequest)
2018-09-06 16:52:29.382 [main] INFO  o.s.w.s.m.m.a.RequestMappingHandlerMapping at ? - Mapped "{[/error],produces=[text/html]}" onto public org.springframework.web.servlet.ModelAndView org.springframework.boot.autoconfigure.web.BasicErrorController.errorHtml(javax.servlet.http.HttpServletRequest,javax.servlet.http.HttpServletResponse)
2018-09-06 16:52:29.430 [main] INFO  o.s.web.servlet.handler.SimpleUrlHandlerMapping at ? - Mapped URL path [/webjars/**] onto handler of type [class org.springframework.web.servlet.resource.ResourceHttpRequestHandler]
2018-09-06 16:52:29.430 [main] INFO  o.s.web.servlet.handler.SimpleUrlHandlerMapping at ? - Mapped URL path [/**] onto handler of type [class org.springframework.web.servlet.resource.ResourceHttpRequestHandler]
2018-09-06 16:52:29.451 [main] INFO  o.s.w.s.m.m.a.ExceptionHandlerExceptionResolver at ? - Detected @ExceptionHandler methods in exceptionHandlerAdvice
2018-09-06 16:52:29.451 [main] INFO  o.s.w.s.m.m.a.ExceptionHandlerExceptionResolver at ? - Detected ResponseBodyAdvice implementation in org.springframework.boot.actuate.autoconfigure.EndpointWebMvcHypermediaManagementContextConfiguration$ActuatorEndpointLinksAdvice
2018-09-06 16:52:29.481 [main] INFO  o.s.web.servlet.handler.SimpleUrlHandlerMapping at ? - Mapped URL path [/**/favicon.ico] onto handler of type [class org.springframework.web.servlet.resource.ResourceHttpRequestHandler]
2018-09-06 16:52:30.198 [main] INFO  o.s.b.actuate.endpoint.mvc.EndpointHandlerMapping at ? - Mapped "{[/beans || /beans.json],methods=[GET],produces=[application/json]}" onto public java.lang.Object org.springframework.boot.actuate.endpoint.mvc.EndpointMvcAdapter.invoke()
2018-09-06 16:52:30.198 [main] INFO  o.s.b.actuate.endpoint.mvc.EndpointHandlerMapping at ? - Mapped "{[/info || /info.json],methods=[GET],produces=[application/json]}" onto public java.lang.Object org.springframework.boot.actuate.endpoint.mvc.EndpointMvcAdapter.invoke()
2018-09-06 16:52:30.199 [main] INFO  o.s.b.actuate.endpoint.mvc.EndpointHandlerMapping at ? - Mapped "{[/dump || /dump.json],methods=[GET],produces=[application/json]}" onto public java.lang.Object org.springframework.boot.actuate.endpoint.mvc.EndpointMvcAdapter.invoke()
2018-09-06 16:52:30.199 [main] INFO  o.s.b.actuate.endpoint.mvc.EndpointHandlerMapping at ? - Mapped "{[/actuator || /actuator.json],produces=[application/json]}" onto public org.springframework.hateoas.ResourceSupport org.springframework.boot.actuate.endpoint.mvc.HalJsonMvcEndpoint.links()
2018-09-06 16:52:30.200 [main] INFO  o.s.b.actuate.endpoint.mvc.EndpointHandlerMapping at ? - Mapped "{[/health || /health.json],produces=[application/json]}" onto public java.lang.Object org.springframework.boot.actuate.endpoint.mvc.HealthMvcEndpoint.invoke(java.security.Principal)
2018-09-06 16:52:30.201 [main] INFO  o.s.b.actuate.endpoint.mvc.EndpointHandlerMapping at ? - Mapped "{[/heapdump || /heapdump.json],methods=[GET],produces=[application/octet-stream]}" onto public void org.springframework.boot.actuate.endpoint.mvc.HeapdumpMvcEndpoint.invoke(boolean,javax.servlet.http.HttpServletRequest,javax.servlet.http.HttpServletResponse) throws java.io.IOException,javax.servlet.ServletException
2018-09-06 16:52:30.202 [main] INFO  o.s.b.actuate.endpoint.mvc.EndpointHandlerMapping at ? - Mapped "{[/metrics/{name:.*}],methods=[GET],produces=[application/json]}" onto public java.lang.Object org.springframework.boot.actuate.endpoint.mvc.MetricsMvcEndpoint.value(java.lang.String)
2018-09-06 16:52:30.202 [main] INFO  o.s.b.actuate.endpoint.mvc.EndpointHandlerMapping at ? - Mapped "{[/metrics || /metrics.json],methods=[GET],produces=[application/json]}" onto public java.lang.Object org.springframework.boot.actuate.endpoint.mvc.EndpointMvcAdapter.invoke()
2018-09-06 16:52:30.442 [main] INFO  o.s.ui.freemarker.SpringTemplateLoader at ? - SpringTemplateLoader for FreeMarker: using resource loader [org.springframework.boot.context.embedded.AnnotationConfigEmbeddedWebApplicationContext@37ceb1df: startup date [Thu Sep 06 16:52:23 CST 2018]; root of context hierarchy] and template loader path [classpath:/templates/]
2018-09-06 16:52:30.443 [main] INFO  o.s.w.servlet.view.freemarker.FreeMarkerConfigurer at ? - ClassTemplateLoader for Spring macros added to FreeMarker configuration
2018-09-06 16:52:30.484 [main] WARN  o.s.b.a.freemarker.FreeMarkerAutoConfiguration at ? - Cannot find template location(s): [classpath:/templates/] (please add some templates, check your FreeMarker configuration, or set spring.freemarker.checkTemplateLocation=false)
2018-09-06 16:52:30.596 [main] INFO  o.s.web.servlet.view.velocity.VelocityConfigurer at ? - ClasspathResourceLoader with name 'springMacro' added to configured VelocityEngine
2018-09-06 16:52:30.605 [main] INFO  o.springframework.ui.velocity.SpringResourceLoader at ? - SpringResourceLoader for Velocity: using resource loader [org.springframework.boot.context.embedded.AnnotationConfigEmbeddedWebApplicationContext@37ceb1df: startup date [Thu Sep 06 16:52:23 CST 2018]; root of context hierarchy] and resource loader paths [classpath:/templates/]
2018-09-06 16:52:30.684 [main] WARN  o.s.b.a.velocity.VelocityAutoConfiguration at ? - Cannot find template location: classpath:/templates/ (please add some templates, check your Velocity configuration, or set spring.velocity.checkTemplateLocation=false)
2018-09-06 16:52:30.715 [main] WARN  o.s.b.s.r.RedisStarterDeprecationWarningAutoConfiguration at ? - spring-boot-starter-redis is deprecated as of Spring Boot 1.4, please migrate to spring-boot-starter-data-redis
2018-09-06 16:52:30.802 [main] INFO  o.s.jmx.export.annotation.AnnotationMBeanExporter at ? - Registering beans for JMX exposure on startup
2018-09-06 16:52:30.810 [main] INFO  o.s.b.actuate.endpoint.jmx.EndpointMBeanExporter at ? - Registering beans for JMX exposure on startup
2018-09-06 16:52:30.816 [main] INFO  o.s.context.support.DefaultLifecycleProcessor at ? - Starting beans in phase 0
2018-09-06 16:52:30.822 [main] INFO  o.s.b.actuate.endpoint.jmx.EndpointMBeanExporter at ? - Located managed bean 'healthEndpoint': registering with JMX server as MBean [org.springframework.boot:type=Endpoint,name=healthEndpoint]
2018-09-06 16:52:30.857 [main] INFO  o.s.b.actuate.endpoint.jmx.EndpointMBeanExporter at ? - Located managed bean 'beansEndpoint': registering with JMX server as MBean [org.springframework.boot:type=Endpoint,name=beansEndpoint]
2018-09-06 16:52:30.862 [main] INFO  o.s.b.actuate.endpoint.jmx.EndpointMBeanExporter at ? - Located managed bean 'infoEndpoint': registering with JMX server as MBean [org.springframework.boot:type=Endpoint,name=infoEndpoint]
2018-09-06 16:52:30.866 [main] INFO  o.s.b.actuate.endpoint.jmx.EndpointMBeanExporter at ? - Located managed bean 'metricsEndpoint': registering with JMX server as MBean [org.springframework.boot:type=Endpoint,name=metricsEndpoint]
2018-09-06 16:52:30.871 [main] INFO  o.s.b.actuate.endpoint.jmx.EndpointMBeanExporter at ? - Located managed bean 'dumpEndpoint': registering with JMX server as MBean [org.springframework.boot:type=Endpoint,name=dumpEndpoint]
2018-09-06 16:52:30.897 [main] INFO  org.apache.coyote.http11.Http11NioProtocol at ? - Initializing ProtocolHandler ["http-nio-7011"]
2018-09-06 16:52:30.916 [main] INFO  org.apache.coyote.http11.Http11NioProtocol at ? - Starting ProtocolHandler [http-nio-7011]
2018-09-06 16:52:30.933 [main] INFO  org.apache.tomcat.util.net.NioSelectorPool at ? - Using a shared selector for servlet write/read
2018-09-06 16:52:30.958 [main] INFO  o.s.b.c.e.tomcat.TomcatEmbeddedServletContainer at ? - Tomcat started on port(s): 7011 (http)
2018-09-06 16:52:30.965 [main] INFO  com.weein.bigdata.Application at ? - Started Application in 8.118 seconds (JVM running for 10.24)
2018-09-06 16:53:57.813 [http-nio-7011-exec-1] INFO  o.a.c.core.ContainerBase.[Tomcat].[localhost].[/] at ? - Initializing Spring FrameworkServlet 'dispatcherServlet'
2018-09-06 16:53:57.813 [http-nio-7011-exec-1] INFO  org.springframework.web.servlet.DispatcherServlet at ? - FrameworkServlet 'dispatcherServlet': initialization started
2018-09-06 16:53:57.843 [http-nio-7011-exec-1] INFO  org.springframework.web.servlet.DispatcherServlet at ? - FrameworkServlet 'dispatcherServlet': initialization completed in 29 ms
2018-09-06 16:53:57.890 [http-nio-7011-exec-1] INFO  com.weein.bigdata.controller.GiftController at ? - [返回礼品卡列表结果]
2018-09-06 16:53:58.062 [http-nio-7011-exec-1] INFO  com.weein.bigdata.interceptor.DevApiLogHandler at ? - [/v1/gift/getGiftList.do] 执行完成,使用时间:175ms,param:{},return:[{"couponData":10,"couponDesc":"需要激活领取","couponId":"00000000","couponName":"10元抵扣券","couponStatus":1,"couponThreshold":0,"couponType":3,"createTime":1533024234000,"effectiveDate":0,"id":"0000"},{"couponData":10,"couponDesc":"10元优惠券","couponId":"21101110","couponName":"10元优惠券","couponStatus":1,"couponThreshold":0,"couponType":3,"createTime":1534748109000,"effectiveDate":0,"id":"1010"},{"couponData":2,"couponDesc":"2元流量券","couponId":"11101102","couponName":"2元流量券","couponStatus":1,"couponThreshold":0,"couponType":1,"createTime":1532573258000,"effectiveDate":0,"id":"1111"},{"couponData":4,"couponDesc":"4元话费券","couponId":"11101104","couponName":"4元话费券","couponStatus":1,"couponThreshold":30,"couponType":2,"createTime":1532573310000,"effectiveDate":0,"id":"2222"},{"couponData":6,"couponDesc":"6元流量券","couponId":"11101106","couponName":"6元流量券","couponStatus":1,"couponThreshold":50,"couponType":1,"createTime":1532595372000,"effectiveDate":0,"id":"3333"},{"couponData":8,"couponDesc":"8元话费券","couponId":"11101108","couponName":"8元话费券","couponStatus":1,"couponThreshold":100,"couponType":2,"createTime":1532595409000,"effectiveDate":0,"id":"4444"},{"couponData":2,"couponDesc":"2元优惠券","couponId":"21101102","couponName":"2元优惠券","couponStatus":1,"couponThreshold":0,"couponType":3,"createTime":1534747906000,"effectiveDate":0,"id":"6666"},{"couponData":4,"couponDesc":"4元优惠券","couponId":"21101104","couponName":"4元优惠券","couponStatus":1,"couponThreshold":0,"couponType":3,"createTime":1541055157000,"effectiveDate":0,"id":"7777"},{"couponData":6,"couponDesc":"6元优惠券","couponId":"21101106","couponName":"6元优惠券","couponStatus":1,"couponThreshold":0,"couponType":3,"createTime":1534748014000,"effectiveDate":0,"id":"8888"},{"couponData":8,"couponDesc":"8元优惠券","couponId":"21101108","couponName":"8元优惠券","couponStatus":1,"couponThreshold":0,"couponType":3,"createTime":1534748055000,"effectiveDate":0,"id":"9999"}]
